<?xml version="1.0" encoding="UTF-8"?>
<!-- Generated by org.testng.reporters.JUnitXMLReporter -->
<testsuite hostname="DESKTOP-L7AGLPD" name="Default test" tests="3" failures="0" timestamp="10 Jul 2020 18:27:36 GMT" time="16.044" errors="0">
  <testcase name="statusUpdate" time="14.742" classname="practice.TweetKaro"/>
  <testcase name="getUpdate" time="0.608" classname="practice.TweetKaro"/>
  <testcase name="delUpdate" time="0.671" classname="practice.TweetKaro"/>
</testsuite> <!-- Default test -->
